<?xml version="1.0" encoding="UTF-8"?>
<testsuite xmlns:xsi="http://www.w3.org/2001/XMLSchema-instance" xsi:noNamespaceSchemaLocation="https://maven.apache.org/surefire/maven-surefire-plugin/xsd/surefire-test-report.xsd" version="3.0.2" name="TestSuite" time="3.41" tests="29" errors="0" skipped="0" failures="0">
  <properties>
    <property name="java.specification.version" value="20"/>
    <property name="sun.cpu.isalist" value="amd64"/>
    <property name="sun.jnu.encoding" value="Cp1252"/>
    <property name="java.class.path" value="D:\10th Aug 2024\Workspace\10thAug24_CucumberProject\target\test-classes;D:\10th Aug 2024\Workspace\10thAug24_CucumberProject\target\classes;C:\Users\sanja\.m2\repository\io\cucumber\cucumber-java\7.20.0\cucumber-java-7.20.0.jar;C:\Users\sanja\.m2\repository\io\cucumber\cucumber-core\7.20.0\cucumber-core-7.20.0.jar;C:\Users\sanja\.m2\repository\io\cucumber\cucumber-gherkin\7.20.0\cucumber-gherkin-7.20.0.jar;C:\Users\sanja\.m2\repository\io\cucumber\cucumber-gherkin-messages\7.20.0\cucumber-gherkin-messages-7.20.0.jar;C:\Users\sanja\.m2\repository\io\cucumber\gherkin\28.0.0\gherkin-28.0.0.jar;C:\Users\sanja\.m2\repository\io\cucumber\messages\24.1.0\messages-24.1.0.jar;C:\Users\sanja\.m2\repository\io\cucumber\testng-xml-formatter\0.2.0\testng-xml-formatter-0.2.0.jar;C:\Users\sanja\.m2\repository\io\cucumber\query\12.2.0\query-12.2.0.jar;C:\Users\sanja\.m2\repository\io\cucumber\tag-expressions\6.1.0\tag-expressions-6.1.0.jar;C:\Users\sanja\.m2\repository\io\cucumber\cucumber-expressions\17.1.0\cucumber-expressions-17.1.0.jar;C:\Users\sanja\.m2\repository\io\cucumber\datatable\7.20.0\datatable-7.20.0.jar;C:\Users\sanja\.m2\repository\io\cucumber\cucumber-plugin\7.20.0\cucumber-plugin-7.20.0.jar;C:\Users\sanja\.m2\repository\io\cucumber\docstring\7.20.0\docstring-7.20.0.jar;C:\Users\sanja\.m2\repository\io\cucumber\html-formatter\21.7.0\html-formatter-21.7.0.jar;C:\Users\sanja\.m2\repository\io\cucumber\junit-xml-formatter\0.5.0\junit-xml-formatter-0.5.0.jar;C:\Users\sanja\.m2\repository\io\cucumber\ci-environment\10.0.1\ci-environment-10.0.1.jar;C:\Users\sanja\.m2\repository\org\apiguardian\apiguardian-api\1.1.2\apiguardian-api-1.1.2.jar;C:\Users\sanja\.m2\repository\org\testng\testng\7.7.0\testng-7.7.0.jar;C:\Users\sanja\.m2\repository\org\slf4j\slf4j-api\1.7.36\slf4j-api-1.7.36.jar;C:\Users\sanja\.m2\repository\com\beust\jcommander\1.82\jcommander-1.82.jar;C:\Users\sanja\.m2\repository\org\webjars\jquery\3.6.1\jquery-3.6.1.jar;C:\Users\sanja\.m2\repository\io\cucumber\cucumber-testng\7.20.0\cucumber-testng-7.20.0.jar;C:\Users\sanja\.m2\repository\org\seleniumhq\selenium\selenium-java\4.21.0\selenium-java-4.21.0.jar;C:\Users\sanja\.m2\repository\org\seleniumhq\selenium\selenium-api\4.21.0\selenium-api-4.21.0.jar;C:\Users\sanja\.m2\repository\org\seleniumhq\selenium\selenium-chrome-driver\4.21.0\selenium-chrome-driver-4.21.0.jar;C:\Users\sanja\.m2\repository\com\google\auto\service\auto-service-annotations\1.1.1\auto-service-annotations-1.1.1.jar;C:\Users\sanja\.m2\repository\org\seleniumhq\selenium\selenium-chromium-driver\4.21.0\selenium-chromium-driver-4.21.0.jar;C:\Users\sanja\.m2\repository\org\seleniumhq\selenium\selenium-json\4.21.0\selenium-json-4.21.0.jar;C:\Users\sanja\.m2\repository\org\seleniumhq\selenium\selenium-manager\4.21.0\selenium-manager-4.21.0.jar;C:\Users\sanja\.m2\repository\org\seleniumhq\selenium\selenium-devtools-v123\4.21.0\selenium-devtools-v123-4.21.0.jar;C:\Users\sanja\.m2\repository\org\seleniumhq\selenium\selenium-devtools-v124\4.21.0\selenium-devtools-v124-4.21.0.jar;C:\Users\sanja\.m2\repository\org\seleniumhq\selenium\selenium-devtools-v125\4.21.0\selenium-devtools-v125-4.21.0.jar;C:\Users\sanja\.m2\repository\org\seleniumhq\selenium\selenium-devtools-v85\4.21.0\selenium-devtools-v85-4.21.0.jar;C:\Users\sanja\.m2\repository\org\seleniumhq\selenium\selenium-edge-driver\4.21.0\selenium-edge-driver-4.21.0.jar;C:\Users\sanja\.m2\repository\org\seleniumhq\selenium\selenium-firefox-driver\4.21.0\selenium-firefox-driver-4.21.0.jar;C:\Users\sanja\.m2\repository\org\seleniumhq\selenium\selenium-http\4.21.0\selenium-http-4.21.0.jar;C:\Users\sanja\.m2\repository\dev\failsafe\failsafe\3.3.2\failsafe-3.3.2.jar;C:\Users\sanja\.m2\repository\org\seleniumhq\selenium\selenium-ie-driver\4.21.0\selenium-ie-driver-4.21.0.jar;C:\Users\sanja\.m2\repository\org\seleniumhq\selenium\selenium-remote-driver\4.21.0\selenium-remote-driver-4.21.0.jar;C:\Users\sanja\.m2\repository\com\google\guava\guava\33.2.0-jre\guava-33.2.0-jre.jar;C:\Users\sanja\.m2\repository\com\google\guava\failureaccess\1.0.2\failureaccess-1.0.2.jar;C:\Users\sanja\.m2\repository\com\google\guava\listenablefuture\9999.0-empty-to-avoid-conflict-with-guava\listenablefuture-9999.0-empty-to-avoid-conflict-with-guava.jar;C:\Users\sanja\.m2\repository\com\google\code\findbugs\jsr305\3.0.2\jsr305-3.0.2.jar;C:\Users\sanja\.m2\repository\org\checkerframework\checker-qual\3.42.0\checker-qual-3.42.0.jar;C:\Users\sanja\.m2\repository\com\google\errorprone\error_prone_annotations\2.26.1\error_prone_annotations-2.26.1.jar;C:\Users\sanja\.m2\repository\com\google\j2objc\j2objc-annotations\3.0.0\j2objc-annotations-3.0.0.jar;C:\Users\sanja\.m2\repository\io\opentelemetry\semconv\opentelemetry-semconv\1.25.0-alpha\opentelemetry-semconv-1.25.0-alpha.jar;C:\Users\sanja\.m2\repository\io\opentelemetry\opentelemetry-api\1.38.0\opentelemetry-api-1.38.0.jar;C:\Users\sanja\.m2\repository\io\opentelemetry\opentelemetry-context\1.38.0\opentelemetry-context-1.38.0.jar;C:\Users\sanja\.m2\repository\io\opentelemetry\opentelemetry-exporter-logging\1.38.0\opentelemetry-exporter-logging-1.38.0.jar;C:\Users\sanja\.m2\repository\io\opentelemetry\opentelemetry-sdk-common\1.38.0\opentelemetry-sdk-common-1.38.0.jar;C:\Users\sanja\.m2\repository\io\opentelemetry\opentelemetry-sdk-extension-autoconfigure-spi\1.38.0\opentelemetry-sdk-extension-autoconfigure-spi-1.38.0.jar;C:\Users\sanja\.m2\repository\io\opentelemetry\opentelemetry-sdk-extension-autoconfigure\1.38.0\opentelemetry-sdk-extension-autoconfigure-1.38.0.jar;C:\Users\sanja\.m2\repository\io\opentelemetry\opentelemetry-api-incubator\1.38.0-alpha\opentelemetry-api-incubator-1.38.0-alpha.jar;C:\Users\sanja\.m2\repository\io\opentelemetry\opentelemetry-sdk-trace\1.38.0\opentelemetry-sdk-trace-1.38.0.jar;C:\Users\sanja\.m2\repository\io\opentelemetry\opentelemetry-sdk\1.38.0\opentelemetry-sdk-1.38.0.jar;C:\Users\sanja\.m2\repository\io\opentelemetry\opentelemetry-sdk-metrics\1.38.0\opentelemetry-sdk-metrics-1.38.0.jar;C:\Users\sanja\.m2\repository\io\opentelemetry\opentelemetry-sdk-logs\1.38.0\opentelemetry-sdk-logs-1.38.0.jar;C:\Users\sanja\.m2\repository\net\bytebuddy\byte-buddy\1.14.15\byte-buddy-1.14.15.jar;C:\Users\sanja\.m2\repository\org\seleniumhq\selenium\selenium-os\4.21.0\selenium-os-4.21.0.jar;C:\Users\sanja\.m2\repository\org\apache\commons\commons-exec\1.4.0\commons-exec-1.4.0.jar;C:\Users\sanja\.m2\repository\org\seleniumhq\selenium\selenium-safari-driver\4.21.0\selenium-safari-driver-4.21.0.jar;C:\Users\sanja\.m2\repository\org\seleniumhq\selenium\selenium-support\4.21.0\selenium-support-4.21.0.jar;"/>
    <property name="java.vm.vendor" value="Oracle Corporation"/>
    <property name="sun.arch.data.model" value="64"/>
    <property name="user.variant" value=""/>
    <property name="java.vendor.url" value="https://java.oracle.com/"/>
    <property name="user.timezone" value="Asia/Calcutta"/>
    <property name="os.name" value="Windows 11"/>
    <property name="java.vm.specification.version" value="20"/>
    <property name="sun.java.launcher" value="SUN_STANDARD"/>
    <property name="user.country" value="IN"/>
    <property name="sun.boot.library.path" value="C:\Program Files\Java\jdk-20\bin"/>
    <property name="sun.java.command" value="C:\Users\sanja\AppData\Local\Temp\surefire11620305704064877268\surefirebooter-20250101083036981_3.jar C:\Users\sanja\AppData\Local\Temp\surefire11620305704064877268 2025-01-01T08-30-36_797-jvmRun1 surefire-20250101083036981_1tmp surefire_0-20250101083036981_2tmp"/>
    <property name="jdk.debug" value="release"/>
    <property name="surefire.test.class.path" value="D:\10th Aug 2024\Workspace\10thAug24_CucumberProject\target\test-classes;D:\10th Aug 2024\Workspace\10thAug24_CucumberProject\target\classes;C:\Users\sanja\.m2\repository\io\cucumber\cucumber-java\7.20.0\cucumber-java-7.20.0.jar;C:\Users\sanja\.m2\repository\io\cucumber\cucumber-core\7.20.0\cucumber-core-7.20.0.jar;C:\Users\sanja\.m2\repository\io\cucumber\cucumber-gherkin\7.20.0\cucumber-gherkin-7.20.0.jar;C:\Users\sanja\.m2\repository\io\cucumber\cucumber-gherkin-messages\7.20.0\cucumber-gherkin-messages-7.20.0.jar;C:\Users\sanja\.m2\repository\io\cucumber\gherkin\28.0.0\gherkin-28.0.0.jar;C:\Users\sanja\.m2\repository\io\cucumber\messages\24.1.0\messages-24.1.0.jar;C:\Users\sanja\.m2\repository\io\cucumber\testng-xml-formatter\0.2.0\testng-xml-formatter-0.2.0.jar;C:\Users\sanja\.m2\repository\io\cucumber\query\12.2.0\query-12.2.0.jar;C:\Users\sanja\.m2\repository\io\cucumber\tag-expressions\6.1.0\tag-expressions-6.1.0.jar;C:\Users\sanja\.m2\repository\io\cucumber\cucumber-expressions\17.1.0\cucumber-expressions-17.1.0.jar;C:\Users\sanja\.m2\repository\io\cucumber\datatable\7.20.0\datatable-7.20.0.jar;C:\Users\sanja\.m2\repository\io\cucumber\cucumber-plugin\7.20.0\cucumber-plugin-7.20.0.jar;C:\Users\sanja\.m2\repository\io\cucumber\docstring\7.20.0\docstring-7.20.0.jar;C:\Users\sanja\.m2\repository\io\cucumber\html-formatter\21.7.0\html-formatter-21.7.0.jar;C:\Users\sanja\.m2\repository\io\cucumber\junit-xml-formatter\0.5.0\junit-xml-formatter-0.5.0.jar;C:\Users\sanja\.m2\repository\io\cucumber\ci-environment\10.0.1\ci-environment-10.0.1.jar;C:\Users\sanja\.m2\repository\org\apiguardian\apiguardian-api\1.1.2\apiguardian-api-1.1.2.jar;C:\Users\sanja\.m2\repository\org\testng\testng\7.7.0\testng-7.7.0.jar;C:\Users\sanja\.m2\repository\org\slf4j\slf4j-api\1.7.36\slf4j-api-1.7.36.jar;C:\Users\sanja\.m2\repository\com\beust\jcommander\1.82\jcommander-1.82.jar;C:\Users\sanja\.m2\repository\org\webjars\jquery\3.6.1\jquery-3.6.1.jar;C:\Users\sanja\.m2\repository\io\cucumber\cucumber-testng\7.20.0\cucumber-testng-7.20.0.jar;C:\Users\sanja\.m2\repository\org\seleniumhq\selenium\selenium-java\4.21.0\selenium-java-4.21.0.jar;C:\Users\sanja\.m2\repository\org\seleniumhq\selenium\selenium-api\4.21.0\selenium-api-4.21.0.jar;C:\Users\sanja\.m2\repository\org\seleniumhq\selenium\selenium-chrome-driver\4.21.0\selenium-chrome-driver-4.21.0.jar;C:\Users\sanja\.m2\repository\com\google\auto\service\auto-service-annotations\1.1.1\auto-service-annotations-1.1.1.jar;C:\Users\sanja\.m2\repository\org\seleniumhq\selenium\selenium-chromium-driver\4.21.0\selenium-chromium-driver-4.21.0.jar;C:\Users\sanja\.m2\repository\org\seleniumhq\selenium\selenium-json\4.21.0\selenium-json-4.21.0.jar;C:\Users\sanja\.m2\repository\org\seleniumhq\selenium\selenium-manager\4.21.0\selenium-manager-4.21.0.jar;C:\Users\sanja\.m2\repository\org\seleniumhq\selenium\selenium-devtools-v123\4.21.0\selenium-devtools-v123-4.21.0.jar;C:\Users\sanja\.m2\repository\org\seleniumhq\selenium\selenium-devtools-v124\4.21.0\selenium-devtools-v124-4.21.0.jar;C:\Users\sanja\.m2\repository\org\seleniumhq\selenium\selenium-devtools-v125\4.21.0\selenium-devtools-v125-4.21.0.jar;C:\Users\sanja\.m2\repository\org\seleniumhq\selenium\selenium-devtools-v85\4.21.0\selenium-devtools-v85-4.21.0.jar;C:\Users\sanja\.m2\repository\org\seleniumhq\selenium\selenium-edge-driver\4.21.0\selenium-edge-driver-4.21.0.jar;C:\Users\sanja\.m2\repository\org\seleniumhq\selenium\selenium-firefox-driver\4.21.0\selenium-firefox-driver-4.21.0.jar;C:\Users\sanja\.m2\repository\org\seleniumhq\selenium\selenium-http\4.21.0\selenium-http-4.21.0.jar;C:\Users\sanja\.m2\repository\dev\failsafe\failsafe\3.3.2\failsafe-3.3.2.jar;C:\Users\sanja\.m2\repository\org\seleniumhq\selenium\selenium-ie-driver\4.21.0\selenium-ie-driver-4.21.0.jar;C:\Users\sanja\.m2\repository\org\seleniumhq\selenium\selenium-remote-driver\4.21.0\selenium-remote-driver-4.21.0.jar;C:\Users\sanja\.m2\repository\com\google\guava\guava\33.2.0-jre\guava-33.2.0-jre.jar;C:\Users\sanja\.m2\repository\com\google\guava\failureaccess\1.0.2\failureaccess-1.0.2.jar;C:\Users\sanja\.m2\repository\com\google\guava\listenablefuture\9999.0-empty-to-avoid-conflict-with-guava\listenablefuture-9999.0-empty-to-avoid-conflict-with-guava.jar;C:\Users\sanja\.m2\repository\com\google\code\findbugs\jsr305\3.0.2\jsr305-3.0.2.jar;C:\Users\sanja\.m2\repository\org\checkerframework\checker-qual\3.42.0\checker-qual-3.42.0.jar;C:\Users\sanja\.m2\repository\com\google\errorprone\error_prone_annotations\2.26.1\error_prone_annotations-2.26.1.jar;C:\Users\sanja\.m2\repository\com\google\j2objc\j2objc-annotations\3.0.0\j2objc-annotations-3.0.0.jar;C:\Users\sanja\.m2\repository\io\opentelemetry\semconv\opentelemetry-semconv\1.25.0-alpha\opentelemetry-semconv-1.25.0-alpha.jar;C:\Users\sanja\.m2\repository\io\opentelemetry\opentelemetry-api\1.38.0\opentelemetry-api-1.38.0.jar;C:\Users\sanja\.m2\repository\io\opentelemetry\opentelemetry-context\1.38.0\opentelemetry-context-1.38.0.jar;C:\Users\sanja\.m2\repository\io\opentelemetry\opentelemetry-exporter-logging\1.38.0\opentelemetry-exporter-logging-1.38.0.jar;C:\Users\sanja\.m2\repository\io\opentelemetry\opentelemetry-sdk-common\1.38.0\opentelemetry-sdk-common-1.38.0.jar;C:\Users\sanja\.m2\repository\io\opentelemetry\opentelemetry-sdk-extension-autoconfigure-spi\1.38.0\opentelemetry-sdk-extension-autoconfigure-spi-1.38.0.jar;C:\Users\sanja\.m2\repository\io\opentelemetry\opentelemetry-sdk-extension-autoconfigure\1.38.0\opentelemetry-sdk-extension-autoconfigure-1.38.0.jar;C:\Users\sanja\.m2\repository\io\opentelemetry\opentelemetry-api-incubator\1.38.0-alpha\opentelemetry-api-incubator-1.38.0-alpha.jar;C:\Users\sanja\.m2\repository\io\opentelemetry\opentelemetry-sdk-trace\1.38.0\opentelemetry-sdk-trace-1.38.0.jar;C:\Users\sanja\.m2\repository\io\opentelemetry\opentelemetry-sdk\1.38.0\opentelemetry-sdk-1.38.0.jar;C:\Users\sanja\.m2\repository\io\opentelemetry\opentelemetry-sdk-metrics\1.38.0\opentelemetry-sdk-metrics-1.38.0.jar;C:\Users\sanja\.m2\repository\io\opentelemetry\opentelemetry-sdk-logs\1.38.0\opentelemetry-sdk-logs-1.38.0.jar;C:\Users\sanja\.m2\repository\net\bytebuddy\byte-buddy\1.14.15\byte-buddy-1.14.15.jar;C:\Users\sanja\.m2\repository\org\seleniumhq\selenium\selenium-os\4.21.0\selenium-os-4.21.0.jar;C:\Users\sanja\.m2\repository\org\apache\commons\commons-exec\1.4.0\commons-exec-1.4.0.jar;C:\Users\sanja\.m2\repository\org\seleniumhq\selenium\selenium-safari-driver\4.21.0\selenium-safari-driver-4.21.0.jar;C:\Users\sanja\.m2\repository\org\seleniumhq\selenium\selenium-support\4.21.0\selenium-support-4.21.0.jar;"/>
    <property name="sun.cpu.endian" value="little"/>
    <property name="user.home" value="C:\Users\sanja"/>
    <property name="user.language" value="en"/>
    <property name="java.specification.vendor" value="Oracle Corporation"/>
    <property name="java.version.date" value="2023-07-18"/>
    <property name="java.home" value="C:\Program Files\Java\jdk-20"/>
    <property name="file.separator" value="\"/>
    <property name="basedir" value="D:\10th Aug 2024\Workspace\10thAug24_CucumberProject"/>
    <property name="java.vm.compressedOopsMode" value="Zero based"/>
    <property name="line.separator" value="&#10;"/>
    <property name="java.vm.specification.vendor" value="Oracle Corporation"/>
    <property name="java.specification.name" value="Java Platform API Specification"/>
    <property name="surefire.real.class.path" value="C:\Users\sanja\AppData\Local\Temp\surefire11620305704064877268\surefirebooter-20250101083036981_3.jar"/>
    <property name="user.script" value=""/>
    <property name="sun.management.compiler" value="HotSpot 64-Bit Tiered Compilers"/>
    <property name="java.runtime.version" value="20.0.2+9-78"/>
    <property name="user.name" value="sanja"/>
    <property name="stdout.encoding" value="Cp1252"/>
    <property name="path.separator" value=";"/>
    <property name="os.version" value="10.0"/>
    <property name="java.runtime.name" value="Java(TM) SE Runtime Environment"/>
    <property name="file.encoding" value="UTF-8"/>
    <property name="java.vm.name" value="Java HotSpot(TM) 64-Bit Server VM"/>
    <property name="localRepository" value="C:\Users\sanja\.m2\repository"/>
    <property name="java.vendor.url.bug" value="https://bugreport.java.com/bugreport/"/>
    <property name="java.io.tmpdir" value="C:\Users\sanja\AppData\Local\Temp\"/>
    <property name="java.version" value="20.0.2"/>
    <property name="user.dir" value="D:\10th Aug 2024\Workspace\10thAug24_CucumberProject"/>
    <property name="os.arch" value="amd64"/>
    <property name="java.vm.specification.name" value="Java Virtual Machine Specification"/>
    <property name="sun.os.patch.level" value=""/>
    <property name="native.encoding" value="Cp1252"/>
    <property name="java.library.path" value="C:\Program Files\Java\jdk-20\bin;C:\WINDOWS\Sun\Java\bin;C:\WINDOWS\system32;C:\WINDOWS;C:\Program Files\Python311\Scripts\;C:\Program Files\Python311\;C:\Program Files\Common Files\Oracle\Java\javapath;C:\WINDOWS\system32;C:\WINDOWS;C:\WINDOWS\System32\Wbem;C:\WINDOWS\System32\WindowsPowerShell\v1.0\;C:\WINDOWS\System32\OpenSSH\;%C:\Program Files\apache-maven-3.8.6\bin;C:\Program Files\apache-maven-3.8.6\bin;C:\Program Files\apache-maven-3.8.6\bin;C:\Program Files\nodejs\;C:\Program Files\Git\cmd;C:\AndroidSDK\platform-tools;C:\Program Files\Docker\Docker\resources\bin;C:\Program Files\dotnet\;C:\Program Files\HP\HP One Agent;C:\Program Files (x86)\Microsoft SQL Server\160\Tools\Binn\;C:\Program Files\Microsoft SQL Server\160\Tools\Binn\;C:\Program Files\Microsoft SQL Server\Client SDK\ODBC\170\Tools\Binn\;C:\Program Files\Microsoft SQL Server\160\DTS\Binn\;C:\Program Files (x86)\Microsoft SQL Server\160\DTS\Binn\;C:\Program Files\MySQL\MySQL Server 8.0\bin;C:\Program Files\MySQL\MySQL Shell 8.0\bin\;C:\Users\sanja\AppData\Local\Microsoft\WindowsApps;C:\Program Files\Java\jdk-20\bin;C:\Users\sanja\AppData\Local\Programs\Microsoft VS Code\bin;C:\Users\sanja\AppData\Roaming\npm;C:\Program Files\JetBrains\PyCharm Community Edition 2023.1.2\bin;C:\AndroidSDK\bin;."/>
    <property name="java.vm.info" value="mixed mode, sharing"/>
    <property name="stderr.encoding" value="Cp1252"/>
    <property name="java.vendor" value="Oracle Corporation"/>
    <property name="java.vm.version" value="20.0.2+9-78"/>
    <property name="sun.io.unicode.encoding" value="UnicodeLittle"/>
    <property name="java.class.version" value="64.0"/>
  </properties>
  <testcase name="runScenario[&quot;fetch currently placed order&quot;, &quot;place order hook information&quot;](1)" classname="Runner.Ex12_RunMultipleFeatureFilesRunner" time="0.07">
    <system-out><![CDATA[At Login page
At orders page
At Current Order
display currently_placed_order
]]></system-out>
    <system-err><![CDATA[SLF4J: Failed to load class "org.slf4j.impl.StaticLoggerBinder".
SLF4J: Defaulting to no-operation (NOP) logger implementation
SLF4J: See http://www.slf4j.org/codes.html#StaticLoggerBinder for further details.
]]></system-err>
  </testcase>
  <testcase name="runScenario[&quot;fetch previously placed order&quot;, &quot;place order hook information&quot;](2)" classname="Runner.Ex12_RunMultipleFeatureFilesRunner" time="0.023">
    <system-out><![CDATA[At Login page
At orders page
At past order
display previously_placed_order
]]></system-out>
  </testcase>
  <testcase name="runScenario[&quot;fetch canceled order info&quot;, &quot;place order hook information&quot;](3)" classname="Runner.Ex12_RunMultipleFeatureFilesRunner" time="0.023">
    <system-out><![CDATA[At Login page
At orders page
At cancel order
display cancel orders
]]></system-out>
  </testcase>
  <testcase name="runScenario[&quot;login with valid credentials&quot;, &quot;login feature with Tags&quot;](4)" classname="Runner.Ex12_RunMultipleFeatureFilesRunner" time="0.02">
    <system-out><![CDATA[login page
Enter UN
Enter PWD
click on login btn
----Home Page visible---
]]></system-out>
  </testcase>
  <testcase name="runScenario[&quot;verify title of the app&quot;, &quot;login feature with Tags&quot;](5)" classname="Runner.Ex12_RunMultipleFeatureFilesRunner" time="0.016">
    <system-out><![CDATA[login page
---titile visible---
]]></system-out>
  </testcase>
  <testcase name="runScenario[&quot;verify title of the forgotten pwd page&quot;, &quot;login feature with Tags&quot;](6)" classname="Runner.Ex12_RunMultipleFeatureFilesRunner" time="0.013">
    <system-out><![CDATA[login page
click on forgotten pwd link
----forgotten pwd page visible----
]]></system-out>
  </testcase>
  <testcase name="runScenario[&quot;login with valid crdentials&quot;, &quot;login feature&quot;](7)" classname="Runner.Ex12_RunMultipleFeatureFilesRunner" time="0.006">
    <system-out><![CDATA[login page
Enter UN
Enter PWD
click on login btn
----Home Page visible---
]]></system-out>
  </testcase>
  <testcase name="runScenario[&quot;login with valid crdentials&quot;, &quot;login feature&quot;](8)" classname="Runner.Ex12_RunMultipleFeatureFilesRunner" time="0.014">
    <system-out><![CDATA[login page
Enter UN
Enter PWD
click on login btn
----Home Page visible---
]]></system-out>
  </testcase>
  <testcase name="runScenario[&quot;verify title of the app&quot;, &quot;login feature&quot;](9)" classname="Runner.Ex12_RunMultipleFeatureFilesRunner" time="0.011">
    <system-out><![CDATA[login page
---titile visible---
]]></system-out>
  </testcase>
  <testcase name="runScenario[&quot;verify title of the forgotten pwd page&quot;, &quot;login feature&quot;](10)" classname="Runner.Ex12_RunMultipleFeatureFilesRunner" time="0.002">
    <system-out><![CDATA[login page
click on forgotten pwd link
----forgotten pwd page visible----
]]></system-out>
  </testcase>
  <testcase name="runScenario[&quot;login with valid crdentials&quot;, &quot;login feature&quot;](11)" classname="Runner.Ex12_RunMultipleFeatureFilesRunner" time="0.02">
    <system-out><![CDATA[login page
Enter username: abc1
Enter password: xyz1
Enter Pin: 12345
click on login btn
----Home Page visible---
]]></system-out>
  </testcase>
  <testcase name="runScenario[&quot;title validation&quot;, &quot;login feature&quot;](12)" classname="Runner.Ex12_RunMultipleFeatureFilesRunner" time="0.014">
    <system-out><![CDATA[login page
Enter username: abc1
Enter password: xyz1
Enter Pin: 12345
click on login btn
--title verified---
]]></system-out>
  </testcase>
  <testcase name="runScenario[&quot;profile name validation&quot;, &quot;login feature&quot;](13)" classname="Runner.Ex12_RunMultipleFeatureFilesRunner" time="0.015">
    <system-out><![CDATA[login page
Enter username: abc1
Enter password: xyz1
Enter Pin: 12345
click on login btn
click on profile tab
--Profile name verified--
]]></system-out>
  </testcase>
  <testcase name="runScenario[&quot;logout from app&quot;, &quot;login feature&quot;](14)" classname="Runner.Ex12_RunMultipleFeatureFilesRunner" time="0.007">
    <system-out><![CDATA[login page
Enter username: abc1
Enter password: xyz1
Enter Pin: 12345
click on login btn
click on profile tab
click on logout btn
--logged out from app--
]]></system-out>
  </testcase>
  <testcase name="runScenario[&quot;login to application&quot;, &quot;login feature with Scenario outline&quot;](15)" classname="Runner.Ex12_RunMultipleFeatureFilesRunner" time="0.013">
    <system-out><![CDATA[signup page
Enter Name: rahul
Enter Age: 21
Gender: male
-----User Created---
]]></system-out>
  </testcase>
  <testcase name="runScenario[&quot;login to application&quot;, &quot;login feature with Scenario outline&quot;](16)" classname="Runner.Ex12_RunMultipleFeatureFilesRunner" time="0.011">
    <system-out><![CDATA[signup page
Enter Name: mahesh
Enter Age: 22
Gender: male
-----User Created---
]]></system-out>
  </testcase>
  <testcase name="runScenario[&quot;login to application&quot;, &quot;login feature with Scenario outline&quot;](17)" classname="Runner.Ex12_RunMultipleFeatureFilesRunner" time="0.013">
    <system-out><![CDATA[signup page
Enter Name: Priti
Enter Age: 25
Gender: female
-----User Created---
]]></system-out>
  </testcase>
  <testcase name="runScenario[&quot;login to application&quot;, &quot;login feature with Scenario outline&quot;](18)" classname="Runner.Ex12_RunMultipleFeatureFilesRunner" time="0.006">
    <system-out><![CDATA[signup page
Enter Name: Vishal
Enter Age: 30
Gender: male
-----User Created---
]]></system-out>
  </testcase>
  <testcase name="runScenario[&quot;login to application&quot;, &quot;login feature with Scenario outline&quot;](19)" classname="Runner.Ex12_RunMultipleFeatureFilesRunner" time="0.013">
    <system-out><![CDATA[signup page
Enter Name: rahul
Enter Age: 21
Gender: male
-----User Created---
]]></system-out>
  </testcase>
  <testcase name="runScenario[&quot;login to application&quot;, &quot;login feature with Scenario outline&quot;](20)" classname="Runner.Ex12_RunMultipleFeatureFilesRunner" time="0.007">
    <system-out><![CDATA[signup page
Enter Name: mahesh
Enter Age: 22
Gender: male
-----User Created---
]]></system-out>
  </testcase>
  <testcase name="runScenario[&quot;login to application&quot;, &quot;login feature with Scenario outline&quot;](21)" classname="Runner.Ex12_RunMultipleFeatureFilesRunner" time="0.013">
    <system-out><![CDATA[signup page
Enter Name: Priti
Enter Age: 25
Gender: female
-----User Created---
]]></system-out>
  </testcase>
  <testcase name="runScenario[&quot;login to application&quot;, &quot;login feature with Scenario outline&quot;](22)" classname="Runner.Ex12_RunMultipleFeatureFilesRunner" time="0.009">
    <system-out><![CDATA[signup page
Enter Name: Vishal
Enter Age: 30
Gender: male
-----User Created---
]]></system-out>
  </testcase>
  <testcase name="runScenario[&quot;url verification&quot;, &quot;login feature with Scenario outline&quot;](23)" classname="Runner.Ex12_RunMultipleFeatureFilesRunner" time="0.005">
    <system-out><![CDATA[signup page
-----url: ---login
]]></system-out>
  </testcase>
  <testcase name="runScenario[&quot;login to application&quot;, &quot;login feature with Scenario outline&quot;](24)" classname="Runner.Ex12_RunMultipleFeatureFilesRunner" time="0.007">
    <system-out><![CDATA[signup page
Enter Name: rahul
Enter Age: 21
Gender: male
-----User Created---
]]></system-out>
  </testcase>
  <testcase name="runScenario[&quot;login to application&quot;, &quot;login feature with Scenario outline&quot;](25)" classname="Runner.Ex12_RunMultipleFeatureFilesRunner" time="0.008">
    <system-out><![CDATA[signup page
Enter Name: mahesh
Enter Age: 22
Gender: male
-----User Created---
]]></system-out>
  </testcase>
  <testcase name="runScenario[&quot;login to application&quot;, &quot;login feature with Scenario outline&quot;](26)" classname="Runner.Ex12_RunMultipleFeatureFilesRunner" time="0.01">
    <system-out><![CDATA[signup page
Enter Name: Priti
Enter Age: 25
Gender: female
-----User Created---
]]></system-out>
  </testcase>
  <testcase name="runScenario[&quot;login to application&quot;, &quot;login feature with Scenario outline&quot;](27)" classname="Runner.Ex12_RunMultipleFeatureFilesRunner" time="0.01">
    <system-out><![CDATA[signup page
Enter Name: Vishal
Enter Age: 30
Gender: male
-----User Created---
]]></system-out>
  </testcase>
  <testcase name="runScenario[&quot;url verification&quot;, &quot;login feature with Scenario outline&quot;](28)" classname="Runner.Ex12_RunMultipleFeatureFilesRunner" time="0.009">
    <system-out><![CDATA[signup page
-----url: ---login
]]></system-out>
  </testcase>
  <testcase name="runScenario[&quot;opening acc with nominee info&quot;, &quot;: Open bank account&quot;](29)" classname="Runner.Ex12_RunMultipleFeatureFilesRunner" time="0.015">
    <system-out><![CDATA[account opening page
abc2
xyz2
abc2@gmail.com
9999999999
abc3
xyz3
abc3@gmail.com
1111111111
click on submit btn
----user created-----
]]></system-out>
  </testcase>
</testsuite>