<?xml version="1.0" encoding="UTF-8"?>
<!-- Generated by org.testng.reporters.JUnitReportReporter -->
<testsuite hostname="Sanju" failures="0" tests="1" name="Runner.RE1_LoginScenarioRunner" time="11.162" errors="0" timestamp="2025-01-01T09:09:40 IST" skipped="0">
  <testcase classname="Runner.RE1_LoginScenarioRunner" name="runScenario" time="11.162"/>
  <system-out/>
</testsuite> <!-- Runner.RE1_LoginScenarioRunner -->
