<?xml version="1.0" encoding="UTF-8"?>
<!-- Generated by org.testng.reporters.JUnitReportReporter -->
<testsuite hostname="Sanju" failures="0" tests="29" name="Runner.Sample" time="0.416" errors="0" timestamp="2024-12-30T18:28:06 IST" skipped="0">
  <testcase classname="Runner.Sample" name="runScenario" time="0.008"/>
  <system-out/>
  <testcase classname="Runner.Sample" name="runScenario" time="0.011"/>
  <system-out/>
  <testcase classname="Runner.Sample" name="runScenario" time="0.010"/>
  <system-out/>
  <testcase classname="Runner.Sample" name="runScenario" time="0.008"/>
  <system-out/>
  <testcase classname="Runner.Sample" name="runScenario" time="0.010"/>
  <system-out/>
  <testcase classname="Runner.Sample" name="runScenario" time="0.009"/>
  <system-out/>
  <testcase classname="Runner.Sample" name="runScenario" time="0.008"/>
  <system-out/>
  <testcase classname="Runner.Sample" name="runScenario" time="0.008"/>
  <system-out/>
  <testcase classname="Runner.Sample" name="runScenario" time="0.008"/>
  <system-out/>
  <testcase classname="Runner.Sample" name="runScenario" time="0.008"/>
  <system-out/>
  <testcase classname="Runner.Sample" name="runScenario" time="0.014"/>
  <system-out/>
  <testcase classname="Runner.Sample" name="runScenario" time="0.006"/>
  <system-out/>
  <testcase classname="Runner.Sample" name="runScenario" time="0.020"/>
  <system-out/>
  <testcase classname="Runner.Sample" name="runScenario" time="0.012"/>
  <system-out/>
  <testcase classname="Runner.Sample" name="runScenario" time="0.021"/>
  <system-out/>
  <testcase classname="Runner.Sample" name="runScenario" time="0.008"/>
  <system-out/>
  <testcase classname="Runner.Sample" name="runScenario" time="0.006"/>
  <system-out/>
  <testcase classname="Runner.Sample" name="runScenario" time="0.009"/>
  <system-out/>
  <testcase classname="Runner.Sample" name="runScenario" time="0.010"/>
  <system-out/>
  <testcase classname="Runner.Sample" name="runScenario" time="0.018"/>
  <system-out/>
  <testcase classname="Runner.Sample" name="runScenario" time="0.015"/>
  <system-out/>
  <testcase classname="Runner.Sample" name="runScenario" time="0.034"/>
  <system-out/>
  <testcase classname="Runner.Sample" name="runScenario" time="0.008"/>
  <system-out/>
  <testcase classname="Runner.Sample" name="runScenario" time="0.026"/>
  <system-out/>
  <testcase classname="Runner.Sample" name="runScenario" time="0.007"/>
  <system-out/>
  <testcase classname="Runner.Sample" name="runScenario" time="0.008"/>
  <system-out/>
  <testcase classname="Runner.Sample" name="runScenario" time="0.009"/>
  <system-out/>
  <testcase classname="Runner.Sample" name="runScenario" time="0.090"/>
  <system-out/>
  <testcase classname="Runner.Sample" name="runScenario" time="0.007"/>
  <system-out/>
</testsuite> <!-- Runner.Sample -->
