<?xml version="1.0" encoding="UTF-8"?>
<!-- Generated by org.testng.reporters.JUnitReportReporter -->
<testsuite hostname="Sanju" failures="0" tests="29" name="Runner.Ex_AllFeatureFilesRunner" time="0.326" errors="0" timestamp="2024-12-30T18:30:55 IST" skipped="0">
  <testcase classname="Runner.Ex_AllFeatureFilesRunner" name="runScenario" time="0.008"/>
  <system-out/>
  <testcase classname="Runner.Ex_AllFeatureFilesRunner" name="runScenario" time="0.013"/>
  <system-out/>
  <testcase classname="Runner.Ex_AllFeatureFilesRunner" name="runScenario" time="0.006"/>
  <system-out/>
  <testcase classname="Runner.Ex_AllFeatureFilesRunner" name="runScenario" time="0.007"/>
  <system-out/>
  <testcase classname="Runner.Ex_AllFeatureFilesRunner" name="runScenario" time="0.006"/>
  <system-out/>
  <testcase classname="Runner.Ex_AllFeatureFilesRunner" name="runScenario" time="0.012"/>
  <system-out/>
  <testcase classname="Runner.Ex_AllFeatureFilesRunner" name="runScenario" time="0.008"/>
  <system-out/>
  <testcase classname="Runner.Ex_AllFeatureFilesRunner" name="runScenario" time="0.008"/>
  <system-out/>
  <testcase classname="Runner.Ex_AllFeatureFilesRunner" name="runScenario" time="0.007"/>
  <system-out/>
  <testcase classname="Runner.Ex_AllFeatureFilesRunner" name="runScenario" time="0.007"/>
  <system-out/>
  <testcase classname="Runner.Ex_AllFeatureFilesRunner" name="runScenario" time="0.011"/>
  <system-out/>
  <testcase classname="Runner.Ex_AllFeatureFilesRunner" name="runScenario" time="0.006"/>
  <system-out/>
  <testcase classname="Runner.Ex_AllFeatureFilesRunner" name="runScenario" time="0.010"/>
  <system-out/>
  <testcase classname="Runner.Ex_AllFeatureFilesRunner" name="runScenario" time="0.009"/>
  <system-out/>
  <testcase classname="Runner.Ex_AllFeatureFilesRunner" name="runScenario" time="0.012"/>
  <system-out/>
  <testcase classname="Runner.Ex_AllFeatureFilesRunner" name="runScenario" time="0.007"/>
  <system-out/>
  <testcase classname="Runner.Ex_AllFeatureFilesRunner" name="runScenario" time="0.006"/>
  <system-out/>
  <testcase classname="Runner.Ex_AllFeatureFilesRunner" name="runScenario" time="0.010"/>
  <system-out/>
  <testcase classname="Runner.Ex_AllFeatureFilesRunner" name="runScenario" time="0.007"/>
  <system-out/>
  <testcase classname="Runner.Ex_AllFeatureFilesRunner" name="runScenario" time="0.006"/>
  <system-out/>
  <testcase classname="Runner.Ex_AllFeatureFilesRunner" name="runScenario" time="0.013"/>
  <system-out/>
  <testcase classname="Runner.Ex_AllFeatureFilesRunner" name="runScenario" time="0.014"/>
  <system-out/>
  <testcase classname="Runner.Ex_AllFeatureFilesRunner" name="runScenario" time="0.006"/>
  <system-out/>
  <testcase classname="Runner.Ex_AllFeatureFilesRunner" name="runScenario" time="0.019"/>
  <system-out/>
  <testcase classname="Runner.Ex_AllFeatureFilesRunner" name="runScenario" time="0.006"/>
  <system-out/>
  <testcase classname="Runner.Ex_AllFeatureFilesRunner" name="runScenario" time="0.008"/>
  <system-out/>
  <testcase classname="Runner.Ex_AllFeatureFilesRunner" name="runScenario" time="0.010"/>
  <system-out/>
  <testcase classname="Runner.Ex_AllFeatureFilesRunner" name="runScenario" time="0.075"/>
  <system-out/>
  <testcase classname="Runner.Ex_AllFeatureFilesRunner" name="runScenario" time="0.009"/>
  <system-out/>
</testsuite> <!-- Runner.Ex_AllFeatureFilesRunner -->
