<?xml version="1.0" encoding="UTF-8"?>
<!-- Generated by org.testng.reporters.JUnitReportReporter -->
<testsuite hostname="Sanju" failures="0" tests="1" name="Runner.Ex3_PassTestDataFromFeatureFileToStepsClass" time="0.082" errors="0" timestamp="2024-12-27T08:31:07 IST" skipped="0">
  <testcase classname="Runner.Ex3_PassTestDataFromFeatureFileToStepsClass" name="runScenario" time="0.082"/>
  <system-out/>
</testsuite> <!-- Runner.Ex3_PassTestDataFromFeatureFileToStepsClass -->
