<?xml version="1.0" encoding="UTF-8"?>
<!-- Generated by org.testng.reporters.JUnitReportReporter -->
<testsuite hostname="Sanju" failures="0" tests="3" name="Runner.Ex5_PublishReportRunner" time="0.121" errors="0" timestamp="2024-12-31T08:38:08 IST" skipped="0">
  <testcase classname="Runner.Ex5_PublishReportRunner" name="runScenario" time="0.018"/>
  <system-out/>
  <testcase classname="Runner.Ex5_PublishReportRunner" name="runScenario" time="0.021"/>
  <system-out/>
  <testcase classname="Runner.Ex5_PublishReportRunner" name="runScenario" time="0.082"/>
  <system-out/>
</testsuite> <!-- Runner.Ex5_PublishReportRunner -->
