<?xml version="1.0" encoding="UTF-8"?>
<!-- Generated by org.testng.reporters.JUnitReportReporter -->
<testsuite hostname="Sanju" failures="0" tests="4" name="Runner.RE2_SwagLabProductRunner" time="37.479" errors="0" timestamp="2025-01-02T08:35:37 IST" skipped="0">
  <testcase classname="Runner.RE2_SwagLabProductRunner" name="runScenario" time="10.545"/>
  <system-out/>
  <testcase classname="Runner.RE2_SwagLabProductRunner" name="runScenario" time="8.965"/>
  <system-out/>
  <testcase classname="Runner.RE2_SwagLabProductRunner" name="runScenario" time="8.805"/>
  <system-out/>
  <testcase classname="Runner.RE2_SwagLabProductRunner" name="runScenario" time="9.164"/>
  <system-out/>
</testsuite> <!-- Runner.RE2_SwagLabProductRunner -->
