<?xml version="1.0" encoding="UTF-8"?>
<!-- Generated by org.testng.reporters.JUnitReportReporter -->
<testsuite hostname="Sanju" failures="0" tests="3" name="Runner.Ex5_GenerateReport" time="0.122" errors="0" timestamp="2024-12-27T08:56:45 IST" skipped="0">
  <testcase classname="Runner.Ex5_GenerateReport" name="runScenario" time="0.094"/>
  <system-out/>
  <testcase classname="Runner.Ex5_GenerateReport" name="runScenario" time="0.014"/>
  <system-out/>
  <testcase classname="Runner.Ex5_GenerateReport" name="runScenario" time="0.014"/>
  <system-out/>
</testsuite> <!-- Runner.Ex5_GenerateReport -->
