<?xml version="1.0" encoding="UTF-8"?>
<!-- Generated by org.testng.reporters.JUnitReportReporter -->
<testsuite hostname="Sanju" failures="0" tests="1" name="Runner.Ex3_PassTestDataFromFeatureFileToStepsClassRunner" time="0.018" errors="0" timestamp="2024-12-29T18:38:39 IST" skipped="0">
  <testcase classname="Runner.Ex3_PassTestDataFromFeatureFileToStepsClassRunner" name="runScenario" time="0.018"/>
  <system-out/>
</testsuite> <!-- Runner.Ex3_PassTestDataFromFeatureFileToStepsClassRunner -->
