<?xml version="1.0" encoding="UTF-8"?>
<!-- Generated by org.testng.reporters.JUnitReportReporter -->
<testsuite hostname="Sanju" failures="0" tests="2" name="Runner.Ex11_Tags_Using_or" time="0.084" errors="0" timestamp="2024-12-29T17:16:07 IST" skipped="0">
  <testcase classname="Runner.Ex11_Tags_Using_or" name="runScenario" time="0.012"/>
  <system-out/>
  <testcase classname="Runner.Ex11_Tags_Using_or" name="runScenario" time="0.072"/>
  <system-out/>
</testsuite> <!-- Runner.Ex11_Tags_Using_or -->
