<?xml version="1.0" encoding="UTF-8"?>
<!-- Generated by org.testng.reporters.JUnitReportReporter -->
<testsuite hostname="Sanju" failures="0" tests="3" name="Runner.Ex2_MultipleScenarioRunner" time="0.071" errors="0" timestamp="2024-12-26T09:10:30 IST" skipped="0">
  <testcase classname="Runner.Ex2_MultipleScenarioRunner" name="runScenario" time="0.066"/>
  <system-out/>
  <testcase classname="Runner.Ex2_MultipleScenarioRunner" name="runScenario" time="0.003"/>
  <system-out/>
  <testcase classname="Runner.Ex2_MultipleScenarioRunner" name="runScenario" time="0.002"/>
  <system-out/>
</testsuite> <!-- Runner.Ex2_MultipleScenarioRunner -->
