<?xml version="1.0" encoding="UTF-8"?>
<!-- Generated by org.testng.reporters.JUnitReportReporter -->
<testsuite hostname="Sanju" failures="0" tests="23" name="Runner.Ex_DryRunRunner" time="0.176" errors="0" timestamp="2024-12-29T18:51:28 IST" skipped="0">
  <testcase classname="Runner.Ex_DryRunRunner" name="runScenario" time="0.004"/>
  <system-out/>
  <testcase classname="Runner.Ex_DryRunRunner" name="runScenario" time="0.005"/>
  <system-out/>
  <testcase classname="Runner.Ex_DryRunRunner" name="runScenario" time="0.003"/>
  <system-out/>
  <testcase classname="Runner.Ex_DryRunRunner" name="runScenario" time="0.005"/>
  <system-out/>
  <testcase classname="Runner.Ex_DryRunRunner" name="runScenario" time="0.007"/>
  <system-out/>
  <testcase classname="Runner.Ex_DryRunRunner" name="runScenario" time="0.072"/>
  <system-out/>
  <testcase classname="Runner.Ex_DryRunRunner" name="runScenario" time="0.007"/>
  <system-out/>
  <testcase classname="Runner.Ex_DryRunRunner" name="runScenario" time="0.003"/>
  <system-out/>
  <testcase classname="Runner.Ex_DryRunRunner" name="runScenario" time="0.009"/>
  <system-out/>
  <testcase classname="Runner.Ex_DryRunRunner" name="runScenario" time="0.004"/>
  <system-out/>
  <testcase classname="Runner.Ex_DryRunRunner" name="runScenario" time="0.006"/>
  <system-out/>
  <testcase classname="Runner.Ex_DryRunRunner" name="runScenario" time="0.006"/>
  <system-out/>
  <testcase classname="Runner.Ex_DryRunRunner" name="runScenario" time="0.004"/>
  <system-out/>
  <testcase classname="Runner.Ex_DryRunRunner" name="runScenario" time="0.003"/>
  <system-out/>
  <testcase classname="Runner.Ex_DryRunRunner" name="runScenario" time="0.003"/>
  <system-out/>
  <testcase classname="Runner.Ex_DryRunRunner" name="runScenario" time="0.003"/>
  <system-out/>
  <testcase classname="Runner.Ex_DryRunRunner" name="runScenario" time="0.004"/>
  <system-out/>
  <testcase classname="Runner.Ex_DryRunRunner" name="runScenario" time="0.005"/>
  <system-out/>
  <testcase classname="Runner.Ex_DryRunRunner" name="runScenario" time="0.005"/>
  <system-out/>
  <testcase classname="Runner.Ex_DryRunRunner" name="runScenario" time="0.005"/>
  <system-out/>
  <testcase classname="Runner.Ex_DryRunRunner" name="runScenario" time="0.006"/>
  <system-out/>
  <testcase classname="Runner.Ex_DryRunRunner" name="runScenario" time="0.004"/>
  <system-out/>
  <testcase classname="Runner.Ex_DryRunRunner" name="runScenario" time="0.003"/>
  <system-out/>
</testsuite> <!-- Runner.Ex_DryRunRunner -->
