<?xml version="1.0" encoding="UTF-8"?>
<!-- Generated by org.testng.reporters.JUnitReportReporter -->
<testsuite hostname="Sanju" failures="0" tests="3" name="Runner.Ex2_MultipleScenarioRunner" time="0.021" errors="0" timestamp="2024-12-29T18:38:39 IST" skipped="0">
  <testcase classname="Runner.Ex2_MultipleScenarioRunner" name="runScenario" time="0.008"/>
  <system-out/>
  <testcase classname="Runner.Ex2_MultipleScenarioRunner" name="runScenario" time="0.005"/>
  <system-out/>
  <testcase classname="Runner.Ex2_MultipleScenarioRunner" name="runScenario" time="0.008"/>
  <system-out/>
</testsuite> <!-- Runner.Ex2_MultipleScenarioRunner -->
