<?xml version="1.0" encoding="UTF-8"?>
<!-- Generated by org.testng.reporters.JUnitReportReporter -->
<testsuite hostname="Sanju" failures="0" tests="5" name="Runner.Ex6_ScenarioOutline_With_Scenarion" time="0.125" errors="0" timestamp="2024-12-28T08:46:39 IST" skipped="0">
  <testcase classname="Runner.Ex6_ScenarioOutline_With_Scenarion" name="runScenario" time="0.076"/>
  <system-out/>
  <testcase classname="Runner.Ex6_ScenarioOutline_With_Scenarion" name="runScenario" time="0.016"/>
  <system-out/>
  <testcase classname="Runner.Ex6_ScenarioOutline_With_Scenarion" name="runScenario" time="0.009"/>
  <system-out/>
  <testcase classname="Runner.Ex6_ScenarioOutline_With_Scenarion" name="runScenario" time="0.009"/>
  <system-out/>
  <testcase classname="Runner.Ex6_ScenarioOutline_With_Scenarion" name="runScenario" time="0.015"/>
  <system-out/>
</testsuite> <!-- Runner.Ex6_ScenarioOutline_With_Scenarion -->
