<?xml version="1.0" encoding="UTF-8"?>
<!-- Generated by org.testng.reporters.JUnitReportReporter -->
<testsuite hostname="Sanju" failures="0" tests="3" name="Runner.Ex14_GenerateReportReunner" time="0.120" errors="0" timestamp="2024-12-31T08:44:48 IST" skipped="0">
  <testcase classname="Runner.Ex14_GenerateReportReunner" name="runScenario" time="0.015"/>
  <system-out/>
  <testcase classname="Runner.Ex14_GenerateReportReunner" name="runScenario" time="0.084"/>
  <system-out/>
  <testcase classname="Runner.Ex14_GenerateReportReunner" name="runScenario" time="0.021"/>
  <system-out/>
</testsuite> <!-- Runner.Ex14_GenerateReportReunner -->
