<?xml version="1.0" encoding="UTF-8"?>
<!-- Generated by org.testng.reporters.JUnitReportReporter -->
<testsuite hostname="Sanju" failures="0" tests="1" name="RERunner.RE1_LoginScenarioRunner" time="7.074" errors="0" timestamp="2024-12-31T13:37:41 IST" skipped="0">
  <testcase classname="RERunner.RE1_LoginScenarioRunner" name="runScenario" time="7.074"/>
  <system-out/>
</testsuite> <!-- RERunner.RE1_LoginScenarioRunner -->
