<?xml version="1.0" encoding="UTF-8"?>
<!-- Generated by org.testng.reporters.JUnitReportReporter -->
<testsuite hostname="Sanju" failures="0" tests="29" name="Runner.Ex12_RunMultipleFeatureFilesRunner" time="0.320" errors="0" timestamp="2024-12-31T08:28:09 IST" skipped="0">
  <testcase classname="Runner.Ex12_RunMultipleFeatureFilesRunner" name="runScenario" time="0.005"/>
  <system-out/>
  <testcase classname="Runner.Ex12_RunMultipleFeatureFilesRunner" name="runScenario" time="0.007"/>
  <system-out/>
  <testcase classname="Runner.Ex12_RunMultipleFeatureFilesRunner" name="runScenario" time="0.005"/>
  <system-out/>
  <testcase classname="Runner.Ex12_RunMultipleFeatureFilesRunner" name="runScenario" time="0.008"/>
  <system-out/>
  <testcase classname="Runner.Ex12_RunMultipleFeatureFilesRunner" name="runScenario" time="0.006"/>
  <system-out/>
  <testcase classname="Runner.Ex12_RunMultipleFeatureFilesRunner" name="runScenario" time="0.007"/>
  <system-out/>
  <testcase classname="Runner.Ex12_RunMultipleFeatureFilesRunner" name="runScenario" time="0.012"/>
  <system-out/>
  <testcase classname="Runner.Ex12_RunMultipleFeatureFilesRunner" name="runScenario" time="0.007"/>
  <system-out/>
  <testcase classname="Runner.Ex12_RunMultipleFeatureFilesRunner" name="runScenario" time="0.006"/>
  <system-out/>
  <testcase classname="Runner.Ex12_RunMultipleFeatureFilesRunner" name="runScenario" time="0.007"/>
  <system-out/>
  <testcase classname="Runner.Ex12_RunMultipleFeatureFilesRunner" name="runScenario" time="0.017"/>
  <system-out/>
  <testcase classname="Runner.Ex12_RunMultipleFeatureFilesRunner" name="runScenario" time="0.005"/>
  <system-out/>
  <testcase classname="Runner.Ex12_RunMultipleFeatureFilesRunner" name="runScenario" time="0.007"/>
  <system-out/>
  <testcase classname="Runner.Ex12_RunMultipleFeatureFilesRunner" name="runScenario" time="0.013"/>
  <system-out/>
  <testcase classname="Runner.Ex12_RunMultipleFeatureFilesRunner" name="runScenario" time="0.013"/>
  <system-out/>
  <testcase classname="Runner.Ex12_RunMultipleFeatureFilesRunner" name="runScenario" time="0.005"/>
  <system-out/>
  <testcase classname="Runner.Ex12_RunMultipleFeatureFilesRunner" name="runScenario" time="0.006"/>
  <system-out/>
  <testcase classname="Runner.Ex12_RunMultipleFeatureFilesRunner" name="runScenario" time="0.009"/>
  <system-out/>
  <testcase classname="Runner.Ex12_RunMultipleFeatureFilesRunner" name="runScenario" time="0.009"/>
  <system-out/>
  <testcase classname="Runner.Ex12_RunMultipleFeatureFilesRunner" name="runScenario" time="0.010"/>
  <system-out/>
  <testcase classname="Runner.Ex12_RunMultipleFeatureFilesRunner" name="runScenario" time="0.010"/>
  <system-out/>
  <testcase classname="Runner.Ex12_RunMultipleFeatureFilesRunner" name="runScenario" time="0.011"/>
  <system-out/>
  <testcase classname="Runner.Ex12_RunMultipleFeatureFilesRunner" name="runScenario" time="0.005"/>
  <system-out/>
  <testcase classname="Runner.Ex12_RunMultipleFeatureFilesRunner" name="runScenario" time="0.015"/>
  <system-out/>
  <testcase classname="Runner.Ex12_RunMultipleFeatureFilesRunner" name="runScenario" time="0.008"/>
  <system-out/>
  <testcase classname="Runner.Ex12_RunMultipleFeatureFilesRunner" name="runScenario" time="0.008"/>
  <system-out/>
  <testcase classname="Runner.Ex12_RunMultipleFeatureFilesRunner" name="runScenario" time="0.009"/>
  <system-out/>
  <testcase classname="Runner.Ex12_RunMultipleFeatureFilesRunner" name="runScenario" time="0.083"/>
  <system-out/>
  <testcase classname="Runner.Ex12_RunMultipleFeatureFilesRunner" name="runScenario" time="0.007"/>
  <system-out/>
</testsuite> <!-- Runner.Ex12_RunMultipleFeatureFilesRunner -->
