<?xml version="1.0" encoding="UTF-8"?>
<!-- Generated by org.testng.reporters.JUnitReportReporter -->
<testsuite hostname="Sanju" failures="0" tests="5" name="Runner.Ex8_ScenarionOutline_With_BackgroundKeywordRunner" time="0.114" errors="0" timestamp="2024-12-28T08:51:14 IST" skipped="0">
  <testcase classname="Runner.Ex8_ScenarionOutline_With_BackgroundKeywordRunner" name="runScenario" time="0.010"/>
  <system-out/>
  <testcase classname="Runner.Ex8_ScenarionOutline_With_BackgroundKeywordRunner" name="runScenario" time="0.009"/>
  <system-out/>
  <testcase classname="Runner.Ex8_ScenarionOutline_With_BackgroundKeywordRunner" name="runScenario" time="0.014"/>
  <system-out/>
  <testcase classname="Runner.Ex8_ScenarionOutline_With_BackgroundKeywordRunner" name="runScenario" time="0.009"/>
  <system-out/>
  <testcase classname="Runner.Ex8_ScenarionOutline_With_BackgroundKeywordRunner" name="runScenario" time="0.072"/>
  <system-out/>
</testsuite> <!-- Runner.Ex8_ScenarionOutline_With_BackgroundKeywordRunner -->
