<?xml version="1.0" encoding="UTF-8"?>
<!-- Generated by org.testng.reporters.JUnitReportReporter -->
<testsuite hostname="Sanju" failures="0" tests="1" name="Runner.Ex15_RerunFailedScenariosRunner" time="0.079" errors="0" timestamp="2024-12-31T08:58:14 IST" skipped="0">
  <testcase classname="Runner.Ex15_RerunFailedScenariosRunner" name="runScenario" time="0.079"/>
  <system-out/>
</testsuite> <!-- Runner.Ex15_RerunFailedScenariosRunner -->
