<?xml version="1.0" encoding="UTF-8"?>
<!-- Generated by org.testng.reporters.JUnitReportReporter -->
<testsuite hostname="Sanju" failures="0" tests="4" name="Runner.Ex6_ScenarioOutline" time="0.115" errors="0" timestamp="2024-12-28T08:39:52 IST" skipped="0">
  <testcase classname="Runner.Ex6_ScenarioOutline" name="runScenario" time="0.010"/>
  <system-out/>
  <testcase classname="Runner.Ex6_ScenarioOutline" name="runScenario" time="0.012"/>
  <system-out/>
  <testcase classname="Runner.Ex6_ScenarioOutline" name="runScenario" time="0.010"/>
  <system-out/>
  <testcase classname="Runner.Ex6_ScenarioOutline" name="runScenario" time="0.083"/>
  <system-out/>
</testsuite> <!-- Runner.Ex6_ScenarioOutline -->
