<?xml version="1.0" encoding="UTF-8"?>
<!-- Generated by org.testng.reporters.JUnitReportReporter -->
<testsuite hostname="Sanju" failures="0" tests="29" name="Runner.Ex13_dryRunRunner" time="0.319" errors="0" timestamp="2024-12-31T08:36:14 IST" skipped="0">
  <testcase classname="Runner.Ex13_dryRunRunner" name="runScenario" time="0.010"/>
  <system-out/>
  <testcase classname="Runner.Ex13_dryRunRunner" name="runScenario" time="0.006"/>
  <system-out/>
  <testcase classname="Runner.Ex13_dryRunRunner" name="runScenario" time="0.011"/>
  <system-out/>
  <testcase classname="Runner.Ex13_dryRunRunner" name="runScenario" time="0.081"/>
  <system-out/>
  <testcase classname="Runner.Ex13_dryRunRunner" name="runScenario" time="0.008"/>
  <system-out/>
  <testcase classname="Runner.Ex13_dryRunRunner" name="runScenario" time="0.006"/>
  <system-out/>
  <testcase classname="Runner.Ex13_dryRunRunner" name="runScenario" time="0.005"/>
  <system-out/>
  <testcase classname="Runner.Ex13_dryRunRunner" name="runScenario" time="0.009"/>
  <system-out/>
  <testcase classname="Runner.Ex13_dryRunRunner" name="runScenario" time="0.005"/>
  <system-out/>
  <testcase classname="Runner.Ex13_dryRunRunner" name="runScenario" time="0.005"/>
  <system-out/>
  <testcase classname="Runner.Ex13_dryRunRunner" name="runScenario" time="0.006"/>
  <system-out/>
  <testcase classname="Runner.Ex13_dryRunRunner" name="runScenario" time="0.007"/>
  <system-out/>
  <testcase classname="Runner.Ex13_dryRunRunner" name="runScenario" time="0.010"/>
  <system-out/>
  <testcase classname="Runner.Ex13_dryRunRunner" name="runScenario" time="0.015"/>
  <system-out/>
  <testcase classname="Runner.Ex13_dryRunRunner" name="runScenario" time="0.017"/>
  <system-out/>
  <testcase classname="Runner.Ex13_dryRunRunner" name="runScenario" time="0.014"/>
  <system-out/>
  <testcase classname="Runner.Ex13_dryRunRunner" name="runScenario" time="0.008"/>
  <system-out/>
  <testcase classname="Runner.Ex13_dryRunRunner" name="runScenario" time="0.009"/>
  <system-out/>
  <testcase classname="Runner.Ex13_dryRunRunner" name="runScenario" time="0.006"/>
  <system-out/>
  <testcase classname="Runner.Ex13_dryRunRunner" name="runScenario" time="0.008"/>
  <system-out/>
  <testcase classname="Runner.Ex13_dryRunRunner" name="runScenario" time="0.006"/>
  <system-out/>
  <testcase classname="Runner.Ex13_dryRunRunner" name="runScenario" time="0.007"/>
  <system-out/>
  <testcase classname="Runner.Ex13_dryRunRunner" name="runScenario" time="0.011"/>
  <system-out/>
  <testcase classname="Runner.Ex13_dryRunRunner" name="runScenario" time="0.010"/>
  <system-out/>
  <testcase classname="Runner.Ex13_dryRunRunner" name="runScenario" time="0.005"/>
  <system-out/>
  <testcase classname="Runner.Ex13_dryRunRunner" name="runScenario" time="0.010"/>
  <system-out/>
  <testcase classname="Runner.Ex13_dryRunRunner" name="runScenario" time="0.008"/>
  <system-out/>
  <testcase classname="Runner.Ex13_dryRunRunner" name="runScenario" time="0.008"/>
  <system-out/>
  <testcase classname="Runner.Ex13_dryRunRunner" name="runScenario" time="0.008"/>
  <system-out/>
</testsuite> <!-- Runner.Ex13_dryRunRunner -->
