<?xml version="1.0" encoding="UTF-8"?>
<!-- Generated by org.testng.reporters.JUnitReportReporter -->
<testsuite hostname="Sanju" failures="0" tests="23" name="Runner.Ex_ExecuteMultipleFeatureFilesRunner" time="0.202" errors="0" timestamp="2024-12-29T18:48:36 IST" skipped="0">
  <testcase classname="Runner.Ex_ExecuteMultipleFeatureFilesRunner" name="runScenario" time="0.009"/>
  <system-out/>
  <testcase classname="Runner.Ex_ExecuteMultipleFeatureFilesRunner" name="runScenario" time="0.005"/>
  <system-out/>
  <testcase classname="Runner.Ex_ExecuteMultipleFeatureFilesRunner" name="runScenario" time="0.007"/>
  <system-out/>
  <testcase classname="Runner.Ex_ExecuteMultipleFeatureFilesRunner" name="runScenario" time="0.004"/>
  <system-out/>
  <testcase classname="Runner.Ex_ExecuteMultipleFeatureFilesRunner" name="runScenario" time="0.003"/>
  <system-out/>
  <testcase classname="Runner.Ex_ExecuteMultipleFeatureFilesRunner" name="runScenario" time="0.006"/>
  <system-out/>
  <testcase classname="Runner.Ex_ExecuteMultipleFeatureFilesRunner" name="runScenario" time="0.007"/>
  <system-out/>
  <testcase classname="Runner.Ex_ExecuteMultipleFeatureFilesRunner" name="runScenario" time="0.004"/>
  <system-out/>
  <testcase classname="Runner.Ex_ExecuteMultipleFeatureFilesRunner" name="runScenario" time="0.012"/>
  <system-out/>
  <testcase classname="Runner.Ex_ExecuteMultipleFeatureFilesRunner" name="runScenario" time="0.004"/>
  <system-out/>
  <testcase classname="Runner.Ex_ExecuteMultipleFeatureFilesRunner" name="runScenario" time="0.071"/>
  <system-out/>
  <testcase classname="Runner.Ex_ExecuteMultipleFeatureFilesRunner" name="runScenario" time="0.005"/>
  <system-out/>
  <testcase classname="Runner.Ex_ExecuteMultipleFeatureFilesRunner" name="runScenario" time="0.005"/>
  <system-out/>
  <testcase classname="Runner.Ex_ExecuteMultipleFeatureFilesRunner" name="runScenario" time="0.007"/>
  <system-out/>
  <testcase classname="Runner.Ex_ExecuteMultipleFeatureFilesRunner" name="runScenario" time="0.006"/>
  <system-out/>
  <testcase classname="Runner.Ex_ExecuteMultipleFeatureFilesRunner" name="runScenario" time="0.005"/>
  <system-out/>
  <testcase classname="Runner.Ex_ExecuteMultipleFeatureFilesRunner" name="runScenario" time="0.004"/>
  <system-out/>
  <testcase classname="Runner.Ex_ExecuteMultipleFeatureFilesRunner" name="runScenario" time="0.004"/>
  <system-out/>
  <testcase classname="Runner.Ex_ExecuteMultipleFeatureFilesRunner" name="runScenario" time="0.002"/>
  <system-out/>
  <testcase classname="Runner.Ex_ExecuteMultipleFeatureFilesRunner" name="runScenario" time="0.009"/>
  <system-out/>
  <testcase classname="Runner.Ex_ExecuteMultipleFeatureFilesRunner" name="runScenario" time="0.013"/>
  <system-out/>
  <testcase classname="Runner.Ex_ExecuteMultipleFeatureFilesRunner" name="runScenario" time="0.005"/>
  <system-out/>
  <testcase classname="Runner.Ex_ExecuteMultipleFeatureFilesRunner" name="runScenario" time="0.005"/>
  <system-out/>
</testsuite> <!-- Runner.Ex_ExecuteMultipleFeatureFilesRunner -->
