<?xml version="1.0" encoding="UTF-8"?>
<!-- Generated by org.testng.reporters.JUnitReportReporter -->
<testsuite hostname="Sanju" failures="0" tests="3" name="Runner.Ex4_UseOfBackgroundKeywordRunner" time="0.108" errors="0" timestamp="2024-12-27T08:52:32 IST" skipped="0">
  <testcase classname="Runner.Ex4_UseOfBackgroundKeywordRunner" name="runScenario" time="0.011"/>
  <system-out/>
  <testcase classname="Runner.Ex4_UseOfBackgroundKeywordRunner" name="runScenario" time="0.087"/>
  <system-out/>
  <testcase classname="Runner.Ex4_UseOfBackgroundKeywordRunner" name="runScenario" time="0.010"/>
  <system-out/>
</testsuite> <!-- Runner.Ex4_UseOfBackgroundKeywordRunner -->
