<?xml version="1.0" encoding="UTF-8"?>
<!-- Generated by org.testng.reporters.JUnitReportReporter -->
<testsuite hostname="Sanju" failures="0" tests="1" name="Runner.LoginToAppRunner" time="0.081" errors="0" timestamp="2024-12-26T08:43:30 IST" skipped="0">
  <testcase classname="Runner.LoginToAppRunner" name="runScenario" time="0.081"/>
  <system-out/>
</testsuite> <!-- Runner.LoginToAppRunner -->
