<?xml version="1.0" encoding="UTF-8"?>
<!-- Generated by org.testng.reporters.JUnitReportReporter -->
<testsuite hostname="Sanju" failures="0" tests="1" name="Runner.RE1_LoginScenarioRunner" time="12.361" errors="0" timestamp="2025-01-01T11:10:37 IST" skipped="0">
  <testcase classname="Runner.RE1_LoginScenarioRunner" name="runScenario" time="12.361"/>
  <system-out/>
</testsuite> <!-- Runner.RE1_LoginScenarioRunner -->
