<?xml version="1.0" encoding="UTF-8"?>
<!-- Generated by org.testng.reporters.JUnitReportReporter -->
<testsuite hostname="Sanju" failures="0" tests="2" name="Runner.Ex11_Tags" time="0.097" errors="0" timestamp="2024-12-30T08:49:19 IST" skipped="0">
  <testcase classname="Runner.Ex11_Tags" name="runScenario" time="0.014"/>
  <system-out/>
  <testcase classname="Runner.Ex11_Tags" name="runScenario" time="0.083"/>
  <system-out/>
</testsuite> <!-- Runner.Ex11_Tags -->
