<?xml version="1.0" encoding="UTF-8"?>
<!-- Generated by org.testng.reporters.JUnitReportReporter -->
<testsuite hostname="Sanju" failures="0" tests="3" name="Runner.Ex10_Hooks" time="0.124" errors="0" timestamp="2024-12-29T16:21:23 IST" skipped="0">
  <testcase classname="Runner.Ex10_Hooks" name="runScenario" time="0.084"/>
  <system-out/>
  <testcase classname="Runner.Ex10_Hooks" name="runScenario" time="0.020"/>
  <system-out/>
  <testcase classname="Runner.Ex10_Hooks" name="runScenario" time="0.020"/>
  <system-out/>
</testsuite> <!-- Runner.Ex10_Hooks -->
