<?xml version="1.0" encoding="UTF-8"?>
<!-- Generated by org.testng.reporters.JUnitReportReporter -->
<testsuite hostname="Sanju" failures="0" tests="29" name="Runner.Ex12_RunMultipleFeatureFilesRunner" time="0.353" errors="0" timestamp="2025-01-01T08:28:21 IST" skipped="0">
  <testcase classname="Runner.Ex12_RunMultipleFeatureFilesRunner" name="runScenario" time="0.010"/>
  <system-out/>
  <testcase classname="Runner.Ex12_RunMultipleFeatureFilesRunner" name="runScenario" time="0.006"/>
  <system-out/>
  <testcase classname="Runner.Ex12_RunMultipleFeatureFilesRunner" name="runScenario" time="0.011"/>
  <system-out/>
  <testcase classname="Runner.Ex12_RunMultipleFeatureFilesRunner" name="runScenario" time="0.006"/>
  <system-out/>
  <testcase classname="Runner.Ex12_RunMultipleFeatureFilesRunner" name="runScenario" time="0.008"/>
  <system-out/>
  <testcase classname="Runner.Ex12_RunMultipleFeatureFilesRunner" name="runScenario" time="0.012"/>
  <system-out/>
  <testcase classname="Runner.Ex12_RunMultipleFeatureFilesRunner" name="runScenario" time="0.007"/>
  <system-out/>
  <testcase classname="Runner.Ex12_RunMultipleFeatureFilesRunner" name="runScenario" time="0.007"/>
  <system-out/>
  <testcase classname="Runner.Ex12_RunMultipleFeatureFilesRunner" name="runScenario" time="0.005"/>
  <system-out/>
  <testcase classname="Runner.Ex12_RunMultipleFeatureFilesRunner" name="runScenario" time="0.010"/>
  <system-out/>
  <testcase classname="Runner.Ex12_RunMultipleFeatureFilesRunner" name="runScenario" time="0.009"/>
  <system-out/>
  <testcase classname="Runner.Ex12_RunMultipleFeatureFilesRunner" name="runScenario" time="0.006"/>
  <system-out/>
  <testcase classname="Runner.Ex12_RunMultipleFeatureFilesRunner" name="runScenario" time="0.014"/>
  <system-out/>
  <testcase classname="Runner.Ex12_RunMultipleFeatureFilesRunner" name="runScenario" time="0.008"/>
  <system-out/>
  <testcase classname="Runner.Ex12_RunMultipleFeatureFilesRunner" name="runScenario" time="0.017"/>
  <system-out/>
  <testcase classname="Runner.Ex12_RunMultipleFeatureFilesRunner" name="runScenario" time="0.019"/>
  <system-out/>
  <testcase classname="Runner.Ex12_RunMultipleFeatureFilesRunner" name="runScenario" time="0.007"/>
  <system-out/>
  <testcase classname="Runner.Ex12_RunMultipleFeatureFilesRunner" name="runScenario" time="0.006"/>
  <system-out/>
  <testcase classname="Runner.Ex12_RunMultipleFeatureFilesRunner" name="runScenario" time="0.011"/>
  <system-out/>
  <testcase classname="Runner.Ex12_RunMultipleFeatureFilesRunner" name="runScenario" time="0.010"/>
  <system-out/>
  <testcase classname="Runner.Ex12_RunMultipleFeatureFilesRunner" name="runScenario" time="0.092"/>
  <system-out/>
  <testcase classname="Runner.Ex12_RunMultipleFeatureFilesRunner" name="runScenario" time="0.006"/>
  <system-out/>
  <testcase classname="Runner.Ex12_RunMultipleFeatureFilesRunner" name="runScenario" time="0.009"/>
  <system-out/>
  <testcase classname="Runner.Ex12_RunMultipleFeatureFilesRunner" name="runScenario" time="0.009"/>
  <system-out/>
  <testcase classname="Runner.Ex12_RunMultipleFeatureFilesRunner" name="runScenario" time="0.012"/>
  <system-out/>
  <testcase classname="Runner.Ex12_RunMultipleFeatureFilesRunner" name="runScenario" time="0.009"/>
  <system-out/>
  <testcase classname="Runner.Ex12_RunMultipleFeatureFilesRunner" name="runScenario" time="0.005"/>
  <system-out/>
  <testcase classname="Runner.Ex12_RunMultipleFeatureFilesRunner" name="runScenario" time="0.012"/>
  <system-out/>
  <testcase classname="Runner.Ex12_RunMultipleFeatureFilesRunner" name="runScenario" time="0.010"/>
  <system-out/>
</testsuite> <!-- Runner.Ex12_RunMultipleFeatureFilesRunner -->
