<?xml version="1.0" encoding="UTF-8"?>
<!-- Generated by org.testng.reporters.JUnitReportReporter -->
<testsuite hostname="Sanju" failures="0" tests="3" name="Runner.Ex10_HooksRunner" time="0.102" errors="0" timestamp="2024-12-30T08:38:28 IST" skipped="0">
  <testcase classname="Runner.Ex10_HooksRunner" name="runScenario" time="0.014"/>
  <system-out/>
  <testcase classname="Runner.Ex10_HooksRunner" name="runScenario" time="0.074"/>
  <system-out/>
  <testcase classname="Runner.Ex10_HooksRunner" name="runScenario" time="0.014"/>
  <system-out/>
</testsuite> <!-- Runner.Ex10_HooksRunner -->
