<?xml version="1.0" encoding="UTF-8"?>
<!-- Generated by org.testng.reporters.JUnitReportReporter -->
<testsuite hostname="Sanju" failures="0" tests="1" name="Runner.Ex9_DataTable" time="0.080" errors="0" timestamp="2024-12-29T08:39:27 IST" skipped="0">
  <testcase classname="Runner.Ex9_DataTable" name="runScenario" time="0.080"/>
  <system-out/>
</testsuite> <!-- Runner.Ex9_DataTable -->
