<?xml version="1.0" encoding="UTF-8"?>
<!-- Generated by org.testng.reporters.JUnitReportReporter -->
<testsuite hostname="Sanju" failures="0" tests="1" name="Runner.Ex1_LoginToAppRunner" time="0.078" errors="0" timestamp="2024-12-31T08:37:45 IST" skipped="0">
  <testcase classname="Runner.Ex1_LoginToAppRunner" name="runScenario" time="0.078"/>
  <system-out/>
</testsuite> <!-- Runner.Ex1_LoginToAppRunner -->
