<?xml version="1.0" encoding="UTF-8"?>
<!-- Generated by org.testng.reporters.JUnitReportReporter -->
<testsuite hostname="Sanju" failures="0" tests="1" name="Runner.RE1_SwaglabLoginRunner" time="9.735" errors="0" timestamp="2025-01-02T08:46:19 IST" skipped="0">
  <testcase classname="Runner.RE1_SwaglabLoginRunner" name="runScenario" time="9.735"/>
  <system-out/>
</testsuite> <!-- Runner.RE1_SwaglabLoginRunner -->
