<?xml version="1.0" encoding="UTF-8"?>
<!-- Generated by org.testng.reporters.JUnitReportReporter -->
<testsuite hostname="Sanju" failures="0" tests="4" name="Runner.RE2_SwagLabProductRunner" time="36.409" errors="0" timestamp="2025-01-02T08:46:19 IST" skipped="0">
  <testcase classname="Runner.RE2_SwagLabProductRunner" name="runScenario" time="9.499"/>
  <system-out/>
  <testcase classname="Runner.RE2_SwagLabProductRunner" name="runScenario" time="8.950"/>
  <system-out/>
  <testcase classname="Runner.RE2_SwagLabProductRunner" name="runScenario" time="8.732"/>
  <system-out/>
  <testcase classname="Runner.RE2_SwagLabProductRunner" name="runScenario" time="9.228"/>
  <system-out/>
</testsuite> <!-- Runner.RE2_SwagLabProductRunner -->
