<?xml version="1.0" encoding="UTF-8"?>
<!-- Generated by org.testng.reporters.JUnitReportReporter -->
<testsuite hostname="Sanju" failures="0" tests="1" name="Runner.RE3_SwagLabOrderRunner" time="12.290" errors="0" timestamp="2025-01-02T08:46:19 IST" skipped="0">
  <testcase classname="Runner.RE3_SwagLabOrderRunner" name="runScenario" time="12.290"/>
  <system-out/>
</testsuite> <!-- Runner.RE3_SwagLabOrderRunner -->
